INFO:sim:172 - Generating IP...
Resolving generics for 'myfifo'...
Applying external generics to 'myfifo'...
Delivering associated files for 'myfifo'...
Delivering EJava files for 'myfifo'...
Generating implementation netlist for 'myfifo'...
INFO:sim - Pre-processing HDL files for 'myfifo'...
WARNING:sim - BlackBox generator run option '-ifmt' found multiple times. Only
   the first occurence is considered.
Running synthesis for 'myfifo'
Running ngcbuild...
Writing VHO instantiation template for 'myfifo'...
Writing VHDL behavioral simulation model for 'myfifo'...
WARNING:sim - Overwriting existing file
   C:/workspace_xilinx/one_fifo/ipcore_dir/tmp/_cg/myfifo/doc/fifo_generator_v9_
   3_vinfo.html with file from view xilinx_documentation
Delivered 3 files into directory
C:/workspace_xilinx/one_fifo/ipcore_dir/tmp/_cg/myfifo
Delivered 1 file into directory
C:/workspace_xilinx/one_fifo/ipcore_dir/tmp/_cg/myfifo
Generating ASY schematic symbol...
INFO:sim:949 - Finished generation of ASY schematic symbol.
Generating SYM schematic symbol for 'myfifo'...
Generating metadata file...
Generating ISE project file for 'myfifo'...
Generating ISE project...
XCO file found: myfifo.xco
XMDF file found: myfifo_xmdf.tcl
Adding C:/workspace_xilinx/one_fifo/ipcore_dir/tmp/_cg/myfifo.asy -view all
-origin_type imported
Adding C:/workspace_xilinx/one_fifo/ipcore_dir/tmp/_cg/myfifo.ngc -view all
-origin_type created
Checking file "C:/workspace_xilinx/one_fifo/ipcore_dir/tmp/_cg/myfifo.ngc" for
project device match ...
File "C:/workspace_xilinx/one_fifo/ipcore_dir/tmp/_cg/myfifo.ngc" device
information matches project device.
Adding C:/workspace_xilinx/one_fifo/ipcore_dir/tmp/_cg/myfifo.sym -view all
-origin_type imported
Adding C:/workspace_xilinx/one_fifo/ipcore_dir/tmp/_cg/myfifo.vhd -view all
-origin_type created
INFO:HDLCompiler:1061 - Parsing VHDL file
   "C:/workspace_xilinx/one_fifo/ipcore_dir/tmp/_cg/myfifo.vhd" into library
   work
INFO:ProjectMgmt - Parsing design hierarchy completed successfully.
Adding C:/workspace_xilinx/one_fifo/ipcore_dir/tmp/_cg/myfifo.vho -view all
-origin_type imported
INFO:TclTasksC:2116 - The automatic calculation of top has been turned-off.
   Please set the new top explicitly by running the "project set top" command.
   To re-calculate the new top automatically, set the "Auto Implementation Top"
   property to true.
Top level has been set to "/myfifo"
Generating README file...
Generating FLIST file...
INFO:sim:948 - Finished FLIST file generation.
Launching README viewer...
Moving files to output directory...
Finished moving files to output directory
Wrote CGP file for project 'myfifo'.
